{"uid":"16c1681a445b8fe1","name":"test_found_only_manager_chosen_from_dropdown","fullName":"tests.features_profile_test.TestRecruitmentCandidate#test_found_only_manager_chosen_from_dropdown","historyId":"248fa98a73fb2dd8ef463bcb567b970b","time":{"start":1711613204943,"stop":1711613215701,"duration":10758},"status":"failed","statusMessage":"AssertionError","statusTrace":"self = <tests.features_profile_test.TestRecruitmentCandidate object at 0x000002601A751E20>\n\n    def test_found_only_manager_chosen_from_dropdown(self):\n        self.login_page.open()\n        self.login_page.enter_login()\n        self.login_page.enter_password()\n        self.login_page.click_on_submit_button()\n        self.recruitment_candidate_page.click_on_recruitment_item()\n        self.recruitment_candidate_page.is_opened()\n        self.recruitment_candidate_page.click_on_dropdown()\n        self.recruitment_candidate_page.choose_it_manager_from_dropdown()\n        self.recruitment_candidate_page.click_on_search_btn()\n>       self.recruitment_candidate_page.are_fonded_manager_when_chosen_from_dropdown()\n\ntests\\features_profile_test.py:419: \n_ _ _ _ _ _ _ _ _ _ _ _ _ _ _ _ _ _ _ _ _ _ _ _ _ _ _ _ _ _ _ _ _ _ _ _ _ _ _ _ _ _ _ _ _ _ _ _ _ _ _ _ _ _ _ _ _ _ _ _ _ _ _ _ _ _ _ _ _ _ _ _ _ _ _ _ _ _ _ _ _ _ _ _ _ _ _ _ _ _ _ _ _ _ _ _ _ _ _ _ _ _ _ _ _ _ _ _ _ _ _ _ _ _ _ _\n\nself = <pages.recruitment_candidates_page.Recruitment_Candidate object at 0x000002601A77EB50>\n\n    def are_fonded_manager_when_chosen_from_dropdown(self):\n        vacancy_column = self.wait.until(EC.presence_of_all_elements_located(self.VACANCY_COLUMN))\n        size_list = []\n        for size in vacancy_column:\n            size_list.append(size.text)\n        print(size_list)\n    \n        vacancy = ['Vacancy', 'Associate IT Manager', 'Associate IT Manager', 'Associate IT Manager',\n                   'Associate IT Manager',\n                   'Associate IT Manager', 'Associate IT Manager', 'Associate IT Manager', 'Associate IT Manager',\n                   'Associate IT Manager',\n                   'Associate IT Manager', 'Associate IT Manager', 'Associate IT Manager', 'Associate IT Manager',\n                   'Associate IT Manager',\n                   'Associate IT Manager', 'Associate IT Manager', 'Associate IT Manager', 'Associate IT Manager',\n                   'Associate IT Manager']\n        print(vacancy)\n>       assert vacancy == size_list\nE       AssertionError\n\npages\\recruitment_candidates_page.py:232: AssertionError","flaky":false,"newFailed":false,"newBroken":false,"newPassed":false,"retriesCount":0,"retriesStatusChange":false,"beforeStages":[{"name":"driver","time":{"start":1711613202890,"stop":1711613204942,"duration":2052},"status":"passed","steps":[],"attachments":[],"parameters":[],"shouldDisplayMessage":false,"stepsCount":0,"attachmentsCount":0,"hasContent":false,"attachmentStep":false},{"name":"setup","time":{"start":1711613204942,"stop":1711613204942,"duration":0},"status":"passed","steps":[],"attachments":[],"parameters":[],"shouldDisplayMessage":false,"stepsCount":0,"attachmentsCount":0,"hasContent":false,"attachmentStep":false}],"testStage":{"status":"failed","statusMessage":"AssertionError","statusTrace":"self = <tests.features_profile_test.TestRecruitmentCandidate object at 0x000002601A751E20>\n\n    def test_found_only_manager_chosen_from_dropdown(self):\n        self.login_page.open()\n        self.login_page.enter_login()\n        self.login_page.enter_password()\n        self.login_page.click_on_submit_button()\n        self.recruitment_candidate_page.click_on_recruitment_item()\n        self.recruitment_candidate_page.is_opened()\n        self.recruitment_candidate_page.click_on_dropdown()\n        self.recruitment_candidate_page.choose_it_manager_from_dropdown()\n        self.recruitment_candidate_page.click_on_search_btn()\n>       self.recruitment_candidate_page.are_fonded_manager_when_chosen_from_dropdown()\n\ntests\\features_profile_test.py:419: \n_ _ _ _ _ _ _ _ _ _ _ _ _ _ _ _ _ _ _ _ _ _ _ _ _ _ _ _ _ _ _ _ _ _ _ _ _ _ _ _ _ _ _ _ _ _ _ _ _ _ _ _ _ _ _ _ _ _ _ _ _ _ _ _ _ _ _ _ _ _ _ _ _ _ _ _ _ _ _ _ _ _ _ _ _ _ _ _ _ _ _ _ _ _ _ _ _ _ _ _ _ _ _ _ _ _ _ _ _ _ _ _ _ _ _ _\n\nself = <pages.recruitment_candidates_page.Recruitment_Candidate object at 0x000002601A77EB50>\n\n    def are_fonded_manager_when_chosen_from_dropdown(self):\n        vacancy_column = self.wait.until(EC.presence_of_all_elements_located(self.VACANCY_COLUMN))\n        size_list = []\n        for size in vacancy_column:\n            size_list.append(size.text)\n        print(size_list)\n    \n        vacancy = ['Vacancy', 'Associate IT Manager', 'Associate IT Manager', 'Associate IT Manager',\n                   'Associate IT Manager',\n                   'Associate IT Manager', 'Associate IT Manager', 'Associate IT Manager', 'Associate IT Manager',\n                   'Associate IT Manager',\n                   'Associate IT Manager', 'Associate IT Manager', 'Associate IT Manager', 'Associate IT Manager',\n                   'Associate IT Manager',\n                   'Associate IT Manager', 'Associate IT Manager', 'Associate IT Manager', 'Associate IT Manager',\n                   'Associate IT Manager']\n        print(vacancy)\n>       assert vacancy == size_list\nE       AssertionError\n\npages\\recruitment_candidates_page.py:232: AssertionError","steps":[],"attachments":[{"uid":"d0ab96452aa0b7ac","name":"stdout","source":"d0ab96452aa0b7ac.txt","type":"text/plain","size":912}],"parameters":[],"shouldDisplayMessage":true,"stepsCount":0,"attachmentsCount":1,"hasContent":true,"attachmentStep":false},"afterStages":[{"name":"driver::0","time":{"start":1711613215839,"stop":1711613215839,"duration":0},"status":"passed","steps":[],"attachments":[],"parameters":[],"shouldDisplayMessage":false,"stepsCount":0,"attachmentsCount":0,"hasContent":false,"attachmentStep":false}],"labels":[{"name":"parentSuite","value":"tests"},{"name":"suite","value":"features_profile_test"},{"name":"subSuite","value":"TestRecruitmentCandidate"},{"name":"host","value":"DESKTOP-9M6HH3H"},{"name":"thread","value":"19492-MainThread"},{"name":"framework","value":"pytest"},{"name":"language","value":"cpython3"},{"name":"package","value":"tests.features_profile_test"},{"name":"resultFormat","value":"allure2"}],"parameters":[],"links":[],"hidden":true,"retry":true,"extra":{"categories":[],"tags":[]},"source":"16c1681a445b8fe1.json","parameterValues":[]}