{"uid":"9b1411fdc1adf39","name":"test_found_only_qa_lead_after_chosen_from_dropdown","fullName":"tests.features_profile_test.TestRecruitmentCandidate#test_found_only_qa_lead_after_chosen_from_dropdown","historyId":"7a967b9162381db2ac84d15d7415e1c9","time":{"start":1712215119271,"stop":1712215129779,"duration":10508},"status":"failed","statusMessage":"AssertionError","statusTrace":"self = <tests.features_profile_test.TestRecruitmentCandidate object at 0x7f324553d460>\n\n    def test_found_only_qa_lead_after_chosen_from_dropdown(self):\n        self.login_page.open()\n        self.login_page.enter_login()\n        self.login_page.enter_password()\n        self.login_page.click_on_submit_button()\n        self.recruitment_candidate_page.click_on_recruitment_item()\n        self.recruitment_candidate_page.is_opened()\n        self.recruitment_candidate_page.click_on_dropdown()\n        self.recruitment_candidate_page.choose_qa_lead_from_dropdown()\n        self.recruitment_candidate_page.click_on_search_btn()\n>       self.recruitment_candidate_page.are_fonded_qa_lead_when_chosen_from_dropdown()\n\ntests/features_profile_test.py:455: \n_ _ _ _ _ _ _ _ _ _ _ _ _ _ _ _ _ _ _ _ _ _ _ _ _ _ _ _ _ _ _ _ _ _ _ _ _ _ _ _ \n\nself = <pages.recruitment_candidates_page.Recruitment_Candidate object at 0x7f324539e9c0>\n\n    def are_fonded_qa_lead_when_chosen_from_dropdown(self):\n        vacancy_column = self.wait.until(EC.presence_of_all_elements_located(self.VACANCY_COLUMN))\n        size_list = []\n        for size in vacancy_column:\n            size_list.append(size.text)\n        print(size_list)\n    \n        vacancy = ['Vacancy', 'Senior QA Lead', 'Senior QA Lead', 'Senior QA Lead', 'Senior QA Lead', 'Senior QA Lead',\n                   'Senior QA Lead', 'Senior QA Lead',\n                   'Senior QA Lead', 'Senior QA Lead', 'Senior QA Lead', 'Senior QA Lead', 'Senior QA Lead',\n                   'Senior QA Lead', 'Senior QA Lead', 'Senior QA Lead',\n                   'Senior QA Lead', 'Senior QA Lead', 'Senior QA Lead', 'Senior QA Lead', 'Senior QA Lead',\n                   'Senior QA Lead', 'Senior QA Lead', 'Senior QA Lead', 'Senior QA Lead',\n                   'Senior QA Lead', 'Senior QA Lead', 'Senior QA Lead', 'Senior QA Lead', 'Senior QA Lead',\n                   'Senior QA Lead', 'Senior QA Lead']\n        print(vacancy)\n>       assert vacancy == size_list\nE       AssertionError\n\npages/recruitment_candidates_page.py:223: AssertionError","flaky":false,"newFailed":false,"newBroken":false,"newPassed":false,"retriesCount":0,"retriesStatusChange":false,"beforeStages":[{"name":"driver","time":{"start":1712215118936,"stop":1712215119217,"duration":281},"status":"passed","steps":[],"attachments":[],"parameters":[],"shouldDisplayMessage":false,"stepsCount":0,"attachmentsCount":0,"hasContent":false,"attachmentStep":false},{"name":"setup","time":{"start":1712215119217,"stop":1712215119270,"duration":53},"status":"passed","steps":[],"attachments":[],"parameters":[],"shouldDisplayMessage":false,"stepsCount":0,"attachmentsCount":0,"hasContent":false,"attachmentStep":false}],"testStage":{"status":"failed","statusMessage":"AssertionError","statusTrace":"self = <tests.features_profile_test.TestRecruitmentCandidate object at 0x7f324553d460>\n\n    def test_found_only_qa_lead_after_chosen_from_dropdown(self):\n        self.login_page.open()\n        self.login_page.enter_login()\n        self.login_page.enter_password()\n        self.login_page.click_on_submit_button()\n        self.recruitment_candidate_page.click_on_recruitment_item()\n        self.recruitment_candidate_page.is_opened()\n        self.recruitment_candidate_page.click_on_dropdown()\n        self.recruitment_candidate_page.choose_qa_lead_from_dropdown()\n        self.recruitment_candidate_page.click_on_search_btn()\n>       self.recruitment_candidate_page.are_fonded_qa_lead_when_chosen_from_dropdown()\n\ntests/features_profile_test.py:455: \n_ _ _ _ _ _ _ _ _ _ _ _ _ _ _ _ _ _ _ _ _ _ _ _ _ _ _ _ _ _ _ _ _ _ _ _ _ _ _ _ \n\nself = <pages.recruitment_candidates_page.Recruitment_Candidate object at 0x7f324539e9c0>\n\n    def are_fonded_qa_lead_when_chosen_from_dropdown(self):\n        vacancy_column = self.wait.until(EC.presence_of_all_elements_located(self.VACANCY_COLUMN))\n        size_list = []\n        for size in vacancy_column:\n            size_list.append(size.text)\n        print(size_list)\n    \n        vacancy = ['Vacancy', 'Senior QA Lead', 'Senior QA Lead', 'Senior QA Lead', 'Senior QA Lead', 'Senior QA Lead',\n                   'Senior QA Lead', 'Senior QA Lead',\n                   'Senior QA Lead', 'Senior QA Lead', 'Senior QA Lead', 'Senior QA Lead', 'Senior QA Lead',\n                   'Senior QA Lead', 'Senior QA Lead', 'Senior QA Lead',\n                   'Senior QA Lead', 'Senior QA Lead', 'Senior QA Lead', 'Senior QA Lead', 'Senior QA Lead',\n                   'Senior QA Lead', 'Senior QA Lead', 'Senior QA Lead', 'Senior QA Lead',\n                   'Senior QA Lead', 'Senior QA Lead', 'Senior QA Lead', 'Senior QA Lead', 'Senior QA Lead',\n                   'Senior QA Lead', 'Senior QA Lead']\n        print(vacancy)\n>       assert vacancy == size_list\nE       AssertionError\n\npages/recruitment_candidates_page.py:223: AssertionError","steps":[],"attachments":[{"uid":"841d20be034c5c96","name":"stdout","source":"841d20be034c5c96.txt","type":"text/plain","size":1104}],"parameters":[],"shouldDisplayMessage":true,"stepsCount":0,"attachmentsCount":1,"hasContent":true,"attachmentStep":false},"afterStages":[{"name":"driver::0","time":{"start":1712215129804,"stop":1712215129804,"duration":0},"status":"passed","steps":[],"attachments":[],"parameters":[],"shouldDisplayMessage":false,"stepsCount":0,"attachmentsCount":0,"hasContent":false,"attachmentStep":false}],"labels":[{"name":"parentSuite","value":"tests"},{"name":"suite","value":"features_profile_test"},{"name":"subSuite","value":"TestRecruitmentCandidate"},{"name":"host","value":"fv-az651-360"},{"name":"thread","value":"2328-MainThread"},{"name":"framework","value":"pytest"},{"name":"language","value":"cpython3"},{"name":"package","value":"tests.features_profile_test"},{"name":"resultFormat","value":"allure2"}],"parameters":[],"links":[],"hidden":false,"retry":false,"extra":{"severity":"normal","retries":[],"categories":[{"name":"Product defects","matchedStatuses":[],"flaky":false}],"history":{"statistic":{"failed":2,"broken":0,"skipped":0,"passed":0,"unknown":0,"total":2},"items":[{"uid":"fddac58234dd85c9","reportUrl":"https://PetyaPidkovych07.github.io/DemoUI/47//#testresult/fddac58234dd85c9","status":"failed","statusDetails":"AssertionError","time":{"start":1711616004714,"stop":1711616015123,"duration":10409}}]},"tags":[]},"source":"9b1411fdc1adf39.json","parameterValues":[]}