{"uid":"fddac58234dd85c9","name":"test_found_only_qa_lead_after_chosen_from_dropdown","fullName":"tests.features_profile_test.TestRecruitmentCandidate#test_found_only_qa_lead_after_chosen_from_dropdown","historyId":"7a967b9162381db2ac84d15d7415e1c9","time":{"start":1711616004714,"stop":1711616015123,"duration":10409},"status":"failed","statusMessage":"AssertionError","statusTrace":"self = <tests.features_profile_test.TestRecruitmentCandidate object at 0x7f5c05ca0bc0>\n\n    def test_found_only_qa_lead_after_chosen_from_dropdown(self):\n        self.login_page.open()\n        self.login_page.enter_login()\n        self.login_page.enter_password()\n        self.login_page.click_on_submit_button()\n        self.recruitment_candidate_page.click_on_recruitment_item()\n        self.recruitment_candidate_page.is_opened()\n        self.recruitment_candidate_page.click_on_dropdown()\n        self.recruitment_candidate_page.choose_qa_lead_from_dropdown()\n        self.recruitment_candidate_page.click_on_search_btn()\n>       self.recruitment_candidate_page.are_fonded_qa_lead_when_chosen_from_dropdown()\n\ntests/features_profile_test.py:393: \n_ _ _ _ _ _ _ _ _ _ _ _ _ _ _ _ _ _ _ _ _ _ _ _ _ _ _ _ _ _ _ _ _ _ _ _ _ _ _ _ \n\nself = <pages.recruitment_candidates_page.Recruitment_Candidate object at 0x7f5c05b132c0>\n\n    def are_fonded_qa_lead_when_chosen_from_dropdown(self):\n        vacancy_column = self.wait.until(EC.presence_of_all_elements_located(self.VACANCY_COLUMN))\n        size_list = []\n        for size in vacancy_column:\n            size_list.append(size.text)\n        print(size_list)\n    \n        vacancy = ['Vacancy', 'Senior QA Lead', 'Senior QA Lead', 'Senior QA Lead', 'Senior QA Lead', 'Senior QA Lead',\n                   'Senior QA Lead', 'Senior QA Lead',\n                   'Senior QA Lead', 'Senior QA Lead', 'Senior QA Lead', 'Senior QA Lead', 'Senior QA Lead',\n                   'Senior QA Lead', 'Senior QA Lead', 'Senior QA Lead',\n                   'Senior QA Lead', 'Senior QA Lead', 'Senior QA Lead', 'Senior QA Lead', 'Senior QA Lead',\n                   'Senior QA Lead', 'Senior QA Lead', 'Senior QA Lead', 'Senior QA Lead',\n                   'Senior QA Lead', 'Senior QA Lead', 'Senior QA Lead', 'Senior QA Lead', 'Senior QA Lead',\n                   'Senior QA Lead', 'Senior QA Lead']\n        print(vacancy)\n>       assert vacancy == size_list\nE       AssertionError\n\npages/recruitment_candidates_page.py:201: AssertionError","flaky":false,"newFailed":false,"newBroken":false,"newPassed":false,"retriesCount":0,"retriesStatusChange":false,"beforeStages":[{"name":"driver","time":{"start":1711616004380,"stop":1711616004659,"duration":279},"status":"passed","steps":[],"attachments":[],"parameters":[],"shouldDisplayMessage":false,"stepsCount":0,"attachmentsCount":0,"hasContent":false,"attachmentStep":false},{"name":"setup","time":{"start":1711616004659,"stop":1711616004714,"duration":55},"status":"passed","steps":[],"attachments":[],"parameters":[],"shouldDisplayMessage":false,"stepsCount":0,"attachmentsCount":0,"hasContent":false,"attachmentStep":false}],"testStage":{"status":"failed","statusMessage":"AssertionError","statusTrace":"self = <tests.features_profile_test.TestRecruitmentCandidate object at 0x7f5c05ca0bc0>\n\n    def test_found_only_qa_lead_after_chosen_from_dropdown(self):\n        self.login_page.open()\n        self.login_page.enter_login()\n        self.login_page.enter_password()\n        self.login_page.click_on_submit_button()\n        self.recruitment_candidate_page.click_on_recruitment_item()\n        self.recruitment_candidate_page.is_opened()\n        self.recruitment_candidate_page.click_on_dropdown()\n        self.recruitment_candidate_page.choose_qa_lead_from_dropdown()\n        self.recruitment_candidate_page.click_on_search_btn()\n>       self.recruitment_candidate_page.are_fonded_qa_lead_when_chosen_from_dropdown()\n\ntests/features_profile_test.py:393: \n_ _ _ _ _ _ _ _ _ _ _ _ _ _ _ _ _ _ _ _ _ _ _ _ _ _ _ _ _ _ _ _ _ _ _ _ _ _ _ _ \n\nself = <pages.recruitment_candidates_page.Recruitment_Candidate object at 0x7f5c05b132c0>\n\n    def are_fonded_qa_lead_when_chosen_from_dropdown(self):\n        vacancy_column = self.wait.until(EC.presence_of_all_elements_located(self.VACANCY_COLUMN))\n        size_list = []\n        for size in vacancy_column:\n            size_list.append(size.text)\n        print(size_list)\n    \n        vacancy = ['Vacancy', 'Senior QA Lead', 'Senior QA Lead', 'Senior QA Lead', 'Senior QA Lead', 'Senior QA Lead',\n                   'Senior QA Lead', 'Senior QA Lead',\n                   'Senior QA Lead', 'Senior QA Lead', 'Senior QA Lead', 'Senior QA Lead', 'Senior QA Lead',\n                   'Senior QA Lead', 'Senior QA Lead', 'Senior QA Lead',\n                   'Senior QA Lead', 'Senior QA Lead', 'Senior QA Lead', 'Senior QA Lead', 'Senior QA Lead',\n                   'Senior QA Lead', 'Senior QA Lead', 'Senior QA Lead', 'Senior QA Lead',\n                   'Senior QA Lead', 'Senior QA Lead', 'Senior QA Lead', 'Senior QA Lead', 'Senior QA Lead',\n                   'Senior QA Lead', 'Senior QA Lead']\n        print(vacancy)\n>       assert vacancy == size_list\nE       AssertionError\n\npages/recruitment_candidates_page.py:201: AssertionError","steps":[],"attachments":[{"uid":"99526417de26043d","name":"stdout","source":"99526417de26043d.txt","type":"text/plain","size":1302}],"parameters":[],"shouldDisplayMessage":true,"stepsCount":0,"attachmentsCount":1,"hasContent":true,"attachmentStep":false},"afterStages":[{"name":"driver::0","time":{"start":1711616015136,"stop":1711616015136,"duration":0},"status":"passed","steps":[],"attachments":[],"parameters":[],"shouldDisplayMessage":false,"stepsCount":0,"attachmentsCount":0,"hasContent":false,"attachmentStep":false}],"labels":[{"name":"parentSuite","value":"tests"},{"name":"suite","value":"features_profile_test"},{"name":"subSuite","value":"TestRecruitmentCandidate"},{"name":"host","value":"fv-az573-8"},{"name":"thread","value":"2283-MainThread"},{"name":"framework","value":"pytest"},{"name":"language","value":"cpython3"},{"name":"package","value":"tests.features_profile_test"},{"name":"resultFormat","value":"allure2"}],"parameters":[],"links":[],"hidden":false,"retry":false,"extra":{"severity":"normal","retries":[],"categories":[{"name":"Product defects","matchedStatuses":[],"flaky":false}],"tags":[]},"source":"fddac58234dd85c9.json","parameterValues":[]}