{"uid":"1d56382a3ff4b792","name":"test_found_only_manager_chosen_from_dropdown","fullName":"tests.features_profile_test.TestRecruitmentCandidate#test_found_only_manager_chosen_from_dropdown","historyId":"248fa98a73fb2dd8ef463bcb567b970b","time":{"start":1711614209597,"stop":1711614219862,"duration":10265},"status":"failed","statusMessage":"AssertionError","statusTrace":"self = <tests.features_profile_test.TestRecruitmentCandidate object at 0x7f97237fe630>\n\n    def test_found_only_manager_chosen_from_dropdown(self):\n        self.login_page.open()\n        self.login_page.enter_login()\n        self.login_page.enter_password()\n        self.login_page.click_on_submit_button()\n        self.recruitment_candidate_page.click_on_recruitment_item()\n        self.recruitment_candidate_page.is_opened()\n        self.recruitment_candidate_page.click_on_dropdown()\n        self.recruitment_candidate_page.choose_it_manager_from_dropdown()\n        self.recruitment_candidate_page.click_on_search_btn()\n>       self.recruitment_candidate_page.are_fonded_manager_when_chosen_from_dropdown()\n\ntests/features_profile_test.py:419: \n_ _ _ _ _ _ _ _ _ _ _ _ _ _ _ _ _ _ _ _ _ _ _ _ _ _ _ _ _ _ _ _ _ _ _ _ _ _ _ _ \n\nself = <pages.recruitment_candidates_page.Recruitment_Candidate object at 0x7f9721a1c4a0>\n\n    def are_fonded_manager_when_chosen_from_dropdown(self):\n        vacancy_column = self.wait.until(EC.presence_of_all_elements_located(self.VACANCY_COLUMN))\n        size_list = []\n        for size in vacancy_column:\n            size_list.append(size.text)\n        print(size_list)\n    \n        vacancy = ['Vacancy', 'Associate IT Manager', 'Associate IT Manager', 'Associate IT Manager',\n                   'Associate IT Manager',\n                   'Associate IT Manager', 'Associate IT Manager', 'Associate IT Manager', 'Associate IT Manager',\n                   'Associate IT Manager',\n                   'Associate IT Manager', 'Associate IT Manager', 'Associate IT Manager', 'Associate IT Manager',\n                   'Associate IT Manager',\n                   'Associate IT Manager', 'Associate IT Manager', 'Associate IT Manager', 'Associate IT Manager',\n                   'Associate IT Manager']\n        print(vacancy)\n>       assert vacancy == size_list\nE       AssertionError\n\npages/recruitment_candidates_page.py:232: AssertionError","flaky":false,"newFailed":true,"newBroken":false,"newPassed":false,"retriesCount":0,"retriesStatusChange":false,"beforeStages":[{"name":"driver","time":{"start":1711614204061,"stop":1711614209596,"duration":5535},"status":"passed","steps":[],"attachments":[],"parameters":[],"shouldDisplayMessage":false,"stepsCount":0,"attachmentsCount":0,"hasContent":false,"attachmentStep":false},{"name":"setup","time":{"start":1711614209596,"stop":1711614209597,"duration":1},"status":"passed","steps":[],"attachments":[],"parameters":[],"shouldDisplayMessage":false,"stepsCount":0,"attachmentsCount":0,"hasContent":false,"attachmentStep":false}],"testStage":{"status":"failed","statusMessage":"AssertionError","statusTrace":"self = <tests.features_profile_test.TestRecruitmentCandidate object at 0x7f97237fe630>\n\n    def test_found_only_manager_chosen_from_dropdown(self):\n        self.login_page.open()\n        self.login_page.enter_login()\n        self.login_page.enter_password()\n        self.login_page.click_on_submit_button()\n        self.recruitment_candidate_page.click_on_recruitment_item()\n        self.recruitment_candidate_page.is_opened()\n        self.recruitment_candidate_page.click_on_dropdown()\n        self.recruitment_candidate_page.choose_it_manager_from_dropdown()\n        self.recruitment_candidate_page.click_on_search_btn()\n>       self.recruitment_candidate_page.are_fonded_manager_when_chosen_from_dropdown()\n\ntests/features_profile_test.py:419: \n_ _ _ _ _ _ _ _ _ _ _ _ _ _ _ _ _ _ _ _ _ _ _ _ _ _ _ _ _ _ _ _ _ _ _ _ _ _ _ _ \n\nself = <pages.recruitment_candidates_page.Recruitment_Candidate object at 0x7f9721a1c4a0>\n\n    def are_fonded_manager_when_chosen_from_dropdown(self):\n        vacancy_column = self.wait.until(EC.presence_of_all_elements_located(self.VACANCY_COLUMN))\n        size_list = []\n        for size in vacancy_column:\n            size_list.append(size.text)\n        print(size_list)\n    \n        vacancy = ['Vacancy', 'Associate IT Manager', 'Associate IT Manager', 'Associate IT Manager',\n                   'Associate IT Manager',\n                   'Associate IT Manager', 'Associate IT Manager', 'Associate IT Manager', 'Associate IT Manager',\n                   'Associate IT Manager',\n                   'Associate IT Manager', 'Associate IT Manager', 'Associate IT Manager', 'Associate IT Manager',\n                   'Associate IT Manager',\n                   'Associate IT Manager', 'Associate IT Manager', 'Associate IT Manager', 'Associate IT Manager',\n                   'Associate IT Manager']\n        print(vacancy)\n>       assert vacancy == size_list\nE       AssertionError\n\npages/recruitment_candidates_page.py:232: AssertionError","steps":[],"attachments":[{"uid":"d7d8e82c83b7710a","name":"stdout","source":"d7d8e82c83b7710a.txt","type":"text/plain","size":984}],"parameters":[],"shouldDisplayMessage":true,"stepsCount":0,"attachmentsCount":1,"hasContent":true,"attachmentStep":false},"afterStages":[{"name":"driver::0","time":{"start":1711614219899,"stop":1711614219899,"duration":0},"status":"passed","steps":[],"attachments":[],"parameters":[],"shouldDisplayMessage":false,"stepsCount":0,"attachmentsCount":0,"hasContent":false,"attachmentStep":false}],"labels":[{"name":"parentSuite","value":"tests"},{"name":"suite","value":"features_profile_test"},{"name":"subSuite","value":"TestRecruitmentCandidate"},{"name":"host","value":"fv-az801-124"},{"name":"thread","value":"2302-MainThread"},{"name":"framework","value":"pytest"},{"name":"language","value":"cpython3"},{"name":"package","value":"tests.features_profile_test"},{"name":"resultFormat","value":"allure2"}],"parameters":[],"links":[],"hidden":false,"retry":false,"extra":{"severity":"normal","retries":[],"categories":[{"name":"Product defects","matchedStatuses":[],"flaky":false}],"history":{"statistic":{"failed":1,"broken":0,"skipped":0,"passed":1,"unknown":0,"total":2},"items":[{"uid":"d9964f2ee9c74a53","reportUrl":"https://PetyaPidkovych07.github.io/DemoUI/44//#testresult/d9964f2ee9c74a53","status":"passed","time":{"start":1711613691005,"stop":1711613701456,"duration":10451}}]},"tags":[]},"source":"1d56382a3ff4b792.json","parameterValues":[]}